2026-03-26 05:02:28,935 INFO o.a.j.u.JMeterUtils: Setting Locale to en_EN
2026-03-26 05:02:28,958 INFO o.a.j.JMeter: Loading user properties from: /home/burshAnton/programming/uni/PnaYAVU/TaskManager/apache-jmeter-5.6.3/bin/user.properties
2026-03-26 05:02:28,959 INFO o.a.j.JMeter: Loading system properties from: /home/burshAnton/programming/uni/PnaYAVU/TaskManager/apache-jmeter-5.6.3/bin/system.properties
2026-03-26 05:02:28,965 INFO o.a.j.JMeter: Copyright (c) 1998-2024 The Apache Software Foundation
2026-03-26 05:02:28,966 INFO o.a.j.JMeter: Version 5.6.3
2026-03-26 05:02:28,966 INFO o.a.j.JMeter: java.version=21.0.10
2026-03-26 05:02:28,966 INFO o.a.j.JMeter: java.vm.name=OpenJDK 64-Bit Server VM
2026-03-26 05:02:28,966 INFO o.a.j.JMeter: os.name=Linux
2026-03-26 05:02:28,966 INFO o.a.j.JMeter: os.arch=amd64
2026-03-26 05:02:28,966 INFO o.a.j.JMeter: os.version=6.19.7-200.fc43.x86_64
2026-03-26 05:02:28,966 INFO o.a.j.JMeter: file.encoding=UTF-8
2026-03-26 05:02:28,966 INFO o.a.j.JMeter: java.awt.headless=null
2026-03-26 05:02:28,966 INFO o.a.j.JMeter: Max memory     =1073741824
2026-03-26 05:02:28,967 INFO o.a.j.JMeter: Available Processors =12
2026-03-26 05:02:28,978 INFO o.a.j.JMeter: Default Locale=English (EN)
2026-03-26 05:02:28,978 INFO o.a.j.JMeter: JMeter  Locale=English (EN)
2026-03-26 05:02:28,979 INFO o.a.j.JMeter: JMeterHome=/home/burshAnton/programming/uni/PnaYAVU/TaskManager/apache-jmeter-5.6.3
2026-03-26 05:02:28,979 INFO o.a.j.JMeter: user.dir  =/home/burshAnton/programming/uni/PnaYAVU/TaskManager
2026-03-26 05:02:28,979 INFO o.a.j.JMeter: PWD       =/home/burshAnton/programming/uni/PnaYAVU/TaskManager
2026-03-26 05:02:28,979 INFO o.a.j.JMeter: IP: 10.87.135.150 Name: fedora FullName: fedora
2026-03-26 05:02:28,996 INFO o.a.j.JMeter: Loaded icon properties from org/apache/jmeter/images/icon.properties
2026-03-26 05:02:29,343 INFO o.a.j.JMeterGuiLauncher: Setting LAF to: com.github.weisj.darklaf.DarkLaf:com.github.weisj.darklaf.theme.DarculaTheme
