2026-03-16 06:37:02,000 INFO o.a.j.u.JMeterUtils: Setting Locale to en_EN
2026-03-16 06:37:02,022 INFO o.a.j.JMeter: Loading user properties from: user.properties
2026-03-16 06:37:02,023 INFO o.a.j.JMeter: Loading system properties from: system.properties
2026-03-16 06:37:02,031 INFO o.a.j.JMeter: Copyright (c) 1998-2024 The Apache Software Foundation
2026-03-16 06:37:02,031 INFO o.a.j.JMeter: Version 5.6.3
2026-03-16 06:37:02,031 INFO o.a.j.JMeter: java.version=25.0.2
2026-03-16 06:37:02,032 INFO o.a.j.JMeter: java.vm.name=OpenJDK 64-Bit Server VM
2026-03-16 06:37:02,032 INFO o.a.j.JMeter: os.name=Linux
2026-03-16 06:37:02,032 INFO o.a.j.JMeter: os.arch=amd64
2026-03-16 06:37:02,032 INFO o.a.j.JMeter: os.version=6.19.7-200.fc43.x86_64
2026-03-16 06:37:02,032 INFO o.a.j.JMeter: file.encoding=UTF-8
2026-03-16 06:37:02,032 INFO o.a.j.JMeter: java.awt.headless=null
2026-03-16 06:37:02,032 INFO o.a.j.JMeter: Max memory     =1073741824
2026-03-16 06:37:02,032 INFO o.a.j.JMeter: Available Processors =12
2026-03-16 06:37:02,049 INFO o.a.j.JMeter: Default Locale=English (EN)
2026-03-16 06:37:02,050 INFO o.a.j.JMeter: JMeter  Locale=English (EN)
2026-03-16 06:37:02,050 INFO o.a.j.JMeter: JMeterHome=/home/burshAnton/programming/uni/PnaYAVU/TaskManager/apache-jmeter-5.6.3
2026-03-16 06:37:02,050 INFO o.a.j.JMeter: user.dir  =/home/burshAnton/programming/uni/PnaYAVU/TaskManager/apache-jmeter-5.6.3/bin
2026-03-16 06:37:02,050 INFO o.a.j.JMeter: PWD       =/home/burshAnton/programming/uni/PnaYAVU/TaskManager/apache-jmeter-5.6.3/bin
2026-03-16 06:37:02,051 INFO o.a.j.JMeter: IP: 10.87.135.182 Name: fedora FullName: fedora
2026-03-16 06:37:02,064 INFO o.a.j.JMeter: Loaded icon properties from org/apache/jmeter/images/icon.properties
2026-03-16 06:37:02,253 INFO o.a.j.JMeterGuiLauncher: Setting LAF to: com.github.weisj.darklaf.DarkLaf:com.github.weisj.darklaf.theme.DarculaTheme
2026-03-16 06:37:02,511 ERROR o.a.j.JMeter: An error occurred: 
java.awt.HeadlessException: 
No X11 DISPLAY variable was set,
or no headful library support was found,
but this program performed an operation which requires it.
	at java.desktop/java.awt.GraphicsEnvironment.checkHeadless(GraphicsEnvironment.java:158) ~[?:?]
	at java.desktop/java.awt.Window.<init>(Window.java:518) ~[?:?]
	at java.desktop/java.awt.Frame.<init>(Frame.java:428) ~[?:?]
	at java.desktop/java.awt.Frame.<init>(Frame.java:393) ~[?:?]
	at java.desktop/javax.swing.SwingUtilities$SharedOwnerFrame.<init>(SwingUtilities.java:1919) ~[?:?]
	at java.desktop/javax.swing.SwingUtilities.getSharedOwnerFrame(SwingUtilities.java:1987) ~[?:?]
	at java.desktop/javax.swing.JDialog.<init>(JDialog.java:276) ~[?:?]
	at java.desktop/javax.swing.JDialog.<init>(JDialog.java:210) ~[?:?]
	at java.desktop/javax.swing.JDialog.<init>(JDialog.java:158) ~[?:?]
	at org.apache.jmeter.SplashScreen.<init>(SplashScreen.java:52) ~[ApacheJMeter_core.jar:5.6.3]
	at org.apache.jmeter.JMeterGuiLauncher.startGuiInternal(JMeterGuiLauncher.kt:87) ~[ApacheJMeter_core.jar:5.6.3]
	at org.apache.jmeter.JMeterGuiLauncher.access$startGuiInternal(JMeterGuiLauncher.kt:47) ~[ApacheJMeter_core.jar:5.6.3]
	at org.apache.jmeter.JMeterGuiLauncher$startGui$1$1.invokeSuspend(JMeterGuiLauncher.kt:67) ~[ApacheJMeter_core.jar:5.6.3]
	at kotlin.coroutines.jvm.internal.BaseContinuationImpl.resumeWith(ContinuationImpl.kt:33) ~[kotlin-stdlib-1.9.22.jar:1.9.22-release-704]
	at kotlinx.coroutines.DispatchedTask.run(DispatchedTask.kt:108) ~[kotlinx-coroutines-core-jvm-1.7.3.jar:?]
	at java.desktop/java.awt.event.InvocationEvent.dispatch(InvocationEvent.java:323) ~[?:?]
	at java.desktop/java.awt.EventQueue.dispatchEventImpl(EventQueue.java:723) ~[?:?]
	at java.desktop/java.awt.EventQueue.dispatchEvent(EventQueue.java:702) ~[?:?]
	at java.desktop/java.awt.EventDispatchThread.pumpOneEventForFilters(EventDispatchThread.java:203) ~[?:?]
	at java.desktop/java.awt.EventDispatchThread.pumpEventsForFilter(EventDispatchThread.java:124) ~[?:?]
	at java.desktop/java.awt.EventDispatchThread.pumpEventsForHierarchy(EventDispatchThread.java:113) ~[?:?]
	at java.desktop/java.awt.EventDispatchThread.pumpEvents(EventDispatchThread.java:109) ~[?:?]
	at java.desktop/java.awt.EventDispatchThread.pumpEvents(EventDispatchThread.java:101) ~[?:?]
	at java.desktop/java.awt.EventDispatchThread.run(EventDispatchThread.java:90) ~[?:?]
